# JRE version: OpenJDK Runtime Environment (8.0_181-b13) (build 1.8.0_181-8u181-b13-1ubuntu0.18.04.1-b13)
# Java VM: OpenJDK 64-Bit Server VM (25.181-b13 mixed mode linux-amd64 compressed oops)
Heap:
 def new generation   total 85440K, used 0K [0x00000000e0000000, 0x00000000e5cb0000, 0x00000000eaaa0000)
  eden space 75968K,   0% used [0x00000000e0000000, 0x00000000e0000000, 0x00000000e4a30000)
  from space 9472K,   0% used [0x00000000e5370000, 0x00000000e5370000, 0x00000000e5cb0000)
  to   space 9472K,   0% used [0x00000000e4a30000, 0x00000000e4a30000, 0x00000000e5370000)
 tenured generation   total 191760K, used 189851K [0x00000000eaaa0000, 0x00000000f65e4000, 0x0000000100000000)
   the space 191760K,  99% used [0x00000000eaaa0000, 0x00000000f6406e40, 0x00000000f6407000, 0x00000000f65e4000)
 Metaspace       used 36596K, capacity 37986K, committed 38016K, reserved 1083392K
  class space    used 4496K, capacity 4986K, committed 4992K, reserved 1048576K
GC Heap History (10 events):
Event: 274.968 GC heap after
Heap after GC invocations=439 (full 5):
 def new generation   total 85440K, used 5541K [0x00000000e0000000, 0x00000000e5cb0000, 0x00000000eaaa0000)
  eden space 75968K,   0% used [0x00000000e0000000, 0x00000000e0000000, 0x00000000e4a30000)
  from space 9472K,  58% used [0x00000000e4a30000, 0x00000000e4f99548, 0x00000000e5370000)
  to   space 9472K,   0% used [0x00000000e5370000, 0x00000000e5370000, 0x00000000e5cb0000)
 tenured generation   total 189768K, used 183990K [0x00000000eaaa0000, 0x00000000f63f2000, 0x0000000100000000)
   the space 189768K,  96% used [0x00000000eaaa0000, 0x00000000f5e4db58, 0x00000000f5e4dc00, 0x00000000f63f2000)
 Metaspace       used 36595K, capacity 37986K, committed 38016K, reserved 1083392K
  class space    used 4496K, capacity 4986K, committed 4992K, reserved 1048576K
}
Event: 276.195 GC heap before
{Heap before GC invocations=439 (full 5):
 def new generation   total 85440K, used 81509K [0x00000000e0000000, 0x00000000e5cb0000, 0x00000000eaaa0000)
  eden space 75968K, 100% used [0x00000000e0000000, 0x00000000e4a30000, 0x00000000e4a30000)
  from space 9472K,  58% used [0x00000000e4a30000, 0x00000000e4f99548, 0x00000000e5370000)
  to   space 9472K,   0% used [0x00000000e5370000, 0x00000000e5370000, 0x00000000e5cb0000)
 tenured generation   total 189768K, used 183990K [0x00000000eaaa0000, 0x00000000f63f2000, 0x0000000100000000)
   the space 189768K,  96% used [0x00000000eaaa0000, 0x00000000f5e4db58, 0x00000000f5e4dc00, 0x00000000f63f2000)
 Metaspace       used 36595K, capacity 37986K, committed 38016K, reserved 1083392K
  class space    used 4496K, capacity 4986K, committed 4992K, reserved 1048576K
Event: 276.220 GC heap after
Heap after GC invocations=440 (full 5):
 def new generation   total 85440K, used 5544K [0x00000000e0000000, 0x00000000e5cb0000, 0x00000000eaaa0000)
  eden space 75968K,   0% used [0x00000000e0000000, 0x00000000e0000000, 0x00000000e4a30000)
  from space 9472K,  58% used [0x00000000e5370000, 0x00000000e58da138, 0x00000000e5cb0000)
  to   space 9472K,   0% used [0x00000000e4a30000, 0x00000000e4a30000, 0x00000000e5370000)
 tenured generation   total 189768K, used 184797K [0x00000000eaaa0000, 0x00000000f63f2000, 0x0000000100000000)
   the space 189768K,  97% used [0x00000000eaaa0000, 0x00000000f5f17498, 0x00000000f5f17600, 0x00000000f63f2000)
 Metaspace       used 36595K, capacity 37986K, committed 38016K, reserved 1083392K
  class space    used 4496K, capacity 4986K, committed 4992K, reserved 1048576K
}
Event: 277.267 GC heap before
{Heap before GC invocations=440 (full 5):
 def new generation   total 85440K, used 81512K [0x00000000e0000000, 0x00000000e5cb0000, 0x00000000eaaa0000)
  eden space 75968K, 100% used [0x00000000e0000000, 0x00000000e4a30000, 0x00000000e4a30000)
  from space 9472K,  58% used [0x00000000e5370000, 0x00000000e58da138, 0x00000000e5cb0000)
  to   space 9472K,   0% used [0x00000000e4a30000, 0x00000000e4a30000, 0x00000000e5370000)
 tenured generation   total 189768K, used 184797K [0x00000000eaaa0000, 0x00000000f63f2000, 0x0000000100000000)
   the space 189768K,  97% used [0x00000000eaaa0000, 0x00000000f5f17498, 0x00000000f5f17600, 0x00000000f63f2000)
 Metaspace       used 36595K, capacity 37986K, committed 38016K, reserved 1083392K
  class space    used 4496K, capacity 4986K, committed 4992K, reserved 1048576K
Event: 277.317 GC heap after
Heap after GC invocations=441 (full 5):
 def new generation   total 85440K, used 6338K [0x00000000e0000000, 0x00000000e5cb0000, 0x00000000eaaa0000)
  eden space 75968K,   0% used [0x00000000e0000000, 0x00000000e0000000, 0x00000000e4a30000)
  from space 9472K,  66% used [0x00000000e4a30000, 0x00000000e50608a8, 0x00000000e5370000)
  to   space 9472K,   0% used [0x00000000e5370000, 0x00000000e5370000, 0x00000000e5cb0000)
 tenured generation   total 189768K, used 185618K [0x00000000eaaa0000, 0x00000000f63f2000, 0x0000000100000000)
   the space 189768K,  97% used [0x00000000eaaa0000, 0x00000000f5fe49e0, 0x00000000f5fe4a00, 0x00000000f63f2000)
 Metaspace       used 36595K, capacity 37986K, committed 38016K, reserved 1083392K
  class space    used 4496K, capacity 4986K, committed 4992K, reserved 1048576K
}
Event: 279.489 GC heap before
{Heap before GC invocations=441 (full 5):
 def new generation   total 85440K, used 82306K [0x00000000e0000000, 0x00000000e5cb0000, 0x00000000eaaa0000)
  eden space 75968K, 100% used [0x00000000e0000000, 0x00000000e4a30000, 0x00000000e4a30000)
  from space 9472K,  66% used [0x00000000e4a30000, 0x00000000e50608a8, 0x00000000e5370000)
  to   space 9472K,   0% used [0x00000000e5370000, 0x00000000e5370000, 0x00000000e5cb0000)
 tenured generation   total 189768K, used 185618K [0x00000000eaaa0000, 0x00000000f63f2000, 0x0000000100000000)
   the space 189768K,  97% used [0x00000000eaaa0000, 0x00000000f5fe49e0, 0x00000000f5fe4a00, 0x00000000f63f2000)
 Metaspace       used 36595K, capacity 37986K, committed 38016K, reserved 1083392K
  class space    used 4496K, capacity 4986K, committed 4992K, reserved 1048576K
Event: 279.517 GC heap after
Heap after GC invocations=442 (full 5):
 def new generation   total 85440K, used 5780K [0x00000000e0000000, 0x00000000e5cb0000, 0x00000000eaaa0000)
  eden space 75968K,   0% used [0x00000000e0000000, 0x00000000e0000000, 0x00000000e4a30000)
  from space 9472K,  61% used [0x00000000e5370000, 0x00000000e5915180, 0x00000000e5cb0000)
  to   space 9472K,   0% used [0x00000000e4a30000, 0x00000000e4a30000, 0x00000000e5370000)
 tenured generation   total 189768K, used 187676K [0x00000000eaaa0000, 0x00000000f63f2000, 0x0000000100000000)
   the space 189768K,  98% used [0x00000000eaaa0000, 0x00000000f61e70a8, 0x00000000f61e7200, 0x00000000f63f2000)
 Metaspace       used 36595K, capacity 37986K, committed 38016K, reserved 1083392K
  class space    used 4496K, capacity 4986K, committed 4992K, reserved 1048576K
}
Event: 280.773 GC heap before
{Heap before GC invocations=442 (full 5):
 def new generation   total 85440K, used 81748K [0x00000000e0000000, 0x00000000e5cb0000, 0x00000000eaaa0000)
  eden space 75968K, 100% used [0x00000000e0000000, 0x00000000e4a30000, 0x00000000e4a30000)
  from space 9472K,  61% used [0x00000000e5370000, 0x00000000e5915180, 0x00000000e5cb0000)
  to   space 9472K,   0% used [0x00000000e4a30000, 0x00000000e4a30000, 0x00000000e5370000)
 tenured generation   total 189768K, used 187676K [0x00000000eaaa0000, 0x00000000f63f2000, 0x0000000100000000)
   the space 189768K,  98% used [0x00000000eaaa0000, 0x00000000f61e70a8, 0x00000000f61e7200, 0x00000000f63f2000)
 Metaspace       used 36595K, capacity 37986K, committed 38016K, reserved 1083392K
  class space    used 4496K, capacity 4986K, committed 4992K, reserved 1048576K
Event: 280.842 GC heap after
Heap after GC invocations=443 (full 5):
 def new generation   total 85440K, used 6248K [0x00000000e0000000, 0x00000000e5cb0000, 0x00000000eaaa0000)
  eden space 75968K,   0% used [0x00000000e0000000, 0x00000000e0000000, 0x00000000e4a30000)
  from space 9472K,  65% used [0x00000000e4a30000, 0x00000000e504a2b8, 0x00000000e5370000)
  to   space 9472K,   0% used [0x00000000e5370000, 0x00000000e5370000, 0x00000000e5cb0000)
 tenured generation   total 189768K, used 189214K [0x00000000eaaa0000, 0x00000000f63f2000, 0x0000000100000000)
   the space 189768K,  99% used [0x00000000eaaa0000, 0x00000000f6367880, 0x00000000f6367a00, 0x00000000f63f2000)
 Metaspace       used 36595K, capacity 37986K, committed 38016K, reserved 1083392K
  class space    used 4496K, capacity 4986K, committed 4992K, reserved 1048576K
}
Event: 282.069 GC heap before
{Heap before GC invocations=443 (full 5):
 def new generation   total 85440K, used 82216K [0x00000000e0000000, 0x00000000e5cb0000, 0x00000000eaaa0000)
  eden space 75968K, 100% used [0x00000000e0000000, 0x00000000e4a30000, 0x00000000e4a30000)
  from space 9472K,  65% used [0x00000000e4a30000, 0x00000000e504a2b8, 0x00000000e5370000)
  to   space 9472K,   0% used [0x00000000e5370000, 0x00000000e5370000, 0x00000000e5cb0000)
 tenured generation   total 189768K, used 189214K [0x00000000eaaa0000, 0x00000000f63f2000, 0x0000000100000000)
   the space 189768K,  99% used [0x00000000eaaa0000, 0x00000000f6367880, 0x00000000f6367a00, 0x00000000f63f2000)
 Metaspace       used 36596K, capacity 37986K, committed 38016K, reserved 1083392K
  class space    used 4496K, capacity 4986K, committed 4992K, reserved 1048576K

